<?xml version="1.0" encoding="UTF-8"?>
<!-- Generated by org.testng.reporters.JUnitReportReporter -->
<testsuite hostname="DESKTOP-NIH3UFP" failures="0" tests="3" name="com.actitime.testscript.ProjectModule" time="29.074" errors="0" timestamp="2023-01-31T18:24:39 IST" skipped="0">
  <testcase classname="com.actitime.testscript.ProjectModule" name="createProject" time="8.547"/>
  <system-out>
    <![CDATA[createproject]]>
  </system-out>
  <testcase classname="com.actitime.testscript.ProjectModule" name="modifyProject" time="6.231"/>
  <system-out>
    <![CDATA[modifyProject]]>
  </system-out>
  <testcase classname="com.actitime.testscript.ProjectModule" name="deleteProject" time="14.296"/>
  <system-out>
    <![CDATA[deleteProject]]>
  </system-out>
</testsuite> <!-- com.actitime.testscript.ProjectModule -->
