<?xml version="1.0" encoding="UTF-8"?>
<!-- Generated by org.testng.reporters.JUnitReportReporter -->
<testsuite hostname="DESKTOP-NIH3UFP" failures="0" tests="3" name="com.actitime.testscript.CustomerModule1" time="29.912" errors="0" timestamp="2023-01-31T18:24:39 IST" skipped="0">
  <testcase classname="com.actitime.testscript.CustomerModule1" name="deleteModule" time="17.467"/>
  <system-out>
    <![CDATA[deleteModule]]>
  </system-out>
  <testcase classname="com.actitime.testscript.CustomerModule1" name="createModule" time="6.211"/>
  <system-out>
    <![CDATA[createmodule]]>
  </system-out>
  <testcase classname="com.actitime.testscript.CustomerModule1" name="modifyModule" time="6.234"/>
  <system-out>
    <![CDATA[modifyModule]]>
  </system-out>
</testsuite> <!-- com.actitime.testscript.CustomerModule1 -->
