<?xml version="1.0" encoding="UTF-8"?>
<!-- Generated by org.testng.reporters.JUnitReportReporter -->
<testsuite hostname="DESKTOP-NIH3UFP" failures="0" tests="1" name="com.actitime.testscript.CustomerModule" time="34.567" errors="0" timestamp="2023-01-30T11:11:45 IST" skipped="0">
  <testcase classname="com.actitime.testscript.CustomerModule" name="testcreateCustomer" time="34.567"/>
  <system-out>
    <![CDATA[createCustomer]]>
  </system-out>
</testsuite> <!-- com.actitime.testscript.CustomerModule -->
